<?xml version="1.0" encoding="UTF-8"?>
<testng-results skipped="1" failed="1" ignored="0" total="5" passed="3">
  <reporter-output>
  </reporter-output>
  <suite name="Suite" duration-ms="144308" started-at="2019-11-29T06:40:44Z" finished-at="2019-11-29T06:43:08Z">
    <groups>
    </groups>
    <test name="Basic" duration-ms="141445" started-at="2019-11-29T06:40:44Z" finished-at="2019-11-29T06:43:05Z">
      <class name="testNG.TestNG_Basics">
        <test-method status="PASS" signature="SetUp()[pri:0, instance:testNG.TestNG_Basics@5b275dab]" name="SetUp" is-config="true" duration-ms="27468" started-at="2019-11-29T06:40:44Z" finished-at="2019-11-29T06:41:11Z">
          <reporter-output>
          </reporter-output>
        </test-method> <!-- SetUp -->
        <test-method status="SKIP" signature="skiptest()[pri:1, instance:testNG.TestNG_Basics@5b275dab]" name="skiptest" duration-ms="7" started-at="2019-11-29T06:41:11Z" finished-at="2019-11-29T06:41:11Z">
          <exception class="org.testng.SkipException">
            <message>
              <![CDATA[This method is not ready yet!!!]]>
            </message>
            <full-stacktrace>
              <![CDATA[org.testng.SkipException: This method is not ready yet!!!
at testNG.TestNG_Basics.skiptest(TestNG_Basics.java:61)
at sun.reflect.NativeMethodAccessorImpl.invoke0(Native Method)
at sun.reflect.NativeMethodAccessorImpl.invoke(Unknown Source)
at sun.reflect.DelegatingMethodAccessorImpl.invoke(Unknown Source)
at java.lang.reflect.Method.invoke(Unknown Source)
at org.testng.internal.MethodInvocationHelper.invokeMethod(MethodInvocationHelper.java:124)
at org.testng.internal.Invoker.invokeMethod(Invoker.java:583)
at org.testng.internal.Invoker.invokeTestMethod(Invoker.java:719)
at org.testng.internal.Invoker.invokeTestMethods(Invoker.java:989)
at org.testng.internal.TestMethodWorker.invokeTestMethods(TestMethodWorker.java:125)
at org.testng.internal.TestMethodWorker.run(TestMethodWorker.java:109)
at java.util.concurrent.ThreadPoolExecutor.runWorker(Unknown Source)
at java.util.concurrent.ThreadPoolExecutor$Worker.run(Unknown Source)
at java.lang.Thread.run(Unknown Source)
]]>
            </full-stacktrace>
          </exception> <!-- org.testng.SkipException -->
          <reporter-output>
          </reporter-output>
        </test-method> <!-- skiptest -->
        <test-method status="PASS" signature="teardown()[pri:0, instance:testNG.TestNG_Basics@5b275dab]" name="teardown" is-config="true" duration-ms="1609" started-at="2019-11-29T06:41:11Z" finished-at="2019-11-29T06:41:13Z">
          <reporter-output>
          </reporter-output>
        </test-method> <!-- teardown -->
        <test-method status="PASS" signature="SetUp()[pri:0, instance:testNG.TestNG_Basics@5b275dab]" name="SetUp" is-config="true" duration-ms="18225" started-at="2019-11-29T06:41:19Z" finished-at="2019-11-29T06:41:37Z">
          <reporter-output>
          </reporter-output>
        </test-method> <!-- SetUp -->
        <test-method status="FAIL" signature="ebayUserPassword(java.lang.String, java.lang.String, java.lang.String, java.lang.String)[pri:2, instance:testNG.TestNG_Basics@5b275dab]" name="ebayUserPassword" duration-ms="20485" started-at="2019-11-29T06:41:37Z" data-provider="getdata" finished-at="2019-11-29T06:41:58Z">
          <params>
            <param index="0">
              <value>
                <![CDATA[tom]]>
              </value>
            </param>
            <param index="1">
              <value>
                <![CDATA[hanks]]>
              </value>
            </param>
            <param index="2">
              <value>
                <![CDATA[tomhanks@gmail.com]]>
              </value>
            </param>
            <param index="3">
              <value>
                <![CDATA[tomhanks123]]>
              </value>
            </param>
          </params>
          <exception class="org.openqa.selenium.NoSuchElementException">
            <message>
              <![CDATA[no such element: Unable to locate element: {"method":"xpath","selector":"//input[@name='firstname']"}
  (Session info: chrome=78.0.3904.108)
For documentation on this error, please visit: https://www.seleniumhq.org/exceptions/no_such_element.html
Build info: version: '3.141.59', revision: 'e82be7d358', time: '2018-11-14T08:25:53'
System info: host: 'DESKTOP-UARE31A', ip: '192.168.43.171', os.name: 'Windows 10', os.arch: 'amd64', os.version: '10.0', java.version: '1.8.0_121'
Driver info: org.openqa.selenium.chrome.ChromeDriver
Capabilities {acceptInsecureCerts: false, browserName: chrome, browserVersion: 78.0.3904.108, chrome: {chromedriverVersion: 78.0.3904.105 (60e2d8774a81..., userDataDir: C:\Users\aathi\AppData\Loca...}, goog:chromeOptions: {debuggerAddress: localhost:57116}, javascriptEnabled: true, networkConnectionEnabled: false, pageLoadStrategy: normal, platform: XP, platformName: XP, proxy: Proxy(), setWindowRect: true, strictFileInteractability: false, timeouts: {implicit: 0, pageLoad: 300000, script: 30000}, unhandledPromptBehavior: dismiss and notify}
Session ID: 8c65cb9e2e681620759fd4e29d7383fc
*** Element info: {Using=xpath, value=//input[@name='firstname']}]]>
            </message>
            <full-stacktrace>
              <![CDATA[org.openqa.selenium.NoSuchElementException: no such element: Unable to locate element: {"method":"xpath","selector":"//input[@name='firstname']"}
  (Session info: chrome=78.0.3904.108)
For documentation on this error, please visit: https://www.seleniumhq.org/exceptions/no_such_element.html
Build info: version: '3.141.59', revision: 'e82be7d358', time: '2018-11-14T08:25:53'
System info: host: 'DESKTOP-UARE31A', ip: '192.168.43.171', os.name: 'Windows 10', os.arch: 'amd64', os.version: '10.0', java.version: '1.8.0_121'
Driver info: org.openqa.selenium.chrome.ChromeDriver
Capabilities {acceptInsecureCerts: false, browserName: chrome, browserVersion: 78.0.3904.108, chrome: {chromedriverVersion: 78.0.3904.105 (60e2d8774a81..., userDataDir: C:\Users\aathi\AppData\Loca...}, goog:chromeOptions: {debuggerAddress: localhost:57116}, javascriptEnabled: true, networkConnectionEnabled: false, pageLoadStrategy: normal, platform: XP, platformName: XP, proxy: Proxy(), setWindowRect: true, strictFileInteractability: false, timeouts: {implicit: 0, pageLoad: 300000, script: 30000}, unhandledPromptBehavior: dismiss and notify}
Session ID: 8c65cb9e2e681620759fd4e29d7383fc
*** Element info: {Using=xpath, value=//input[@name='firstname']}
at sun.reflect.NativeConstructorAccessorImpl.newInstance0(Native Method)
at sun.reflect.NativeConstructorAccessorImpl.newInstance(Unknown Source)
at sun.reflect.DelegatingConstructorAccessorImpl.newInstance(Unknown Source)
at java.lang.reflect.Constructor.newInstance(Unknown Source)
at org.openqa.selenium.remote.http.W3CHttpResponseCodec.createException(W3CHttpResponseCodec.java:187)
at org.openqa.selenium.remote.http.W3CHttpResponseCodec.decode(W3CHttpResponseCodec.java:122)
at org.openqa.selenium.remote.http.W3CHttpResponseCodec.decode(W3CHttpResponseCodec.java:49)
at org.openqa.selenium.remote.HttpCommandExecutor.execute(HttpCommandExecutor.java:158)
at org.openqa.selenium.remote.service.DriverCommandExecutor.execute(DriverCommandExecutor.java:83)
at org.openqa.selenium.remote.RemoteWebDriver.execute(RemoteWebDriver.java:552)
at org.openqa.selenium.remote.RemoteWebDriver.findElement(RemoteWebDriver.java:323)
at org.openqa.selenium.remote.RemoteWebDriver.findElementByXPath(RemoteWebDriver.java:428)
at org.openqa.selenium.By$ByXPath.findElement(By.java:353)
at org.openqa.selenium.remote.RemoteWebDriver.findElement(RemoteWebDriver.java:315)
at testNG.TestNG_Basics.ebayUserPassword(TestNG_Basics.java:46)
at sun.reflect.NativeMethodAccessorImpl.invoke0(Native Method)
at sun.reflect.NativeMethodAccessorImpl.invoke(Unknown Source)
at sun.reflect.DelegatingMethodAccessorImpl.invoke(Unknown Source)
at java.lang.reflect.Method.invoke(Unknown Source)
at org.testng.internal.MethodInvocationHelper.invokeMethod(MethodInvocationHelper.java:124)
at org.testng.internal.Invoker.invokeMethod(Invoker.java:583)
at org.testng.internal.Invoker.invokeTestMethod(Invoker.java:719)
at org.testng.internal.Invoker.invokeTestMethods(Invoker.java:989)
at org.testng.internal.TestMethodWorker.invokeTestMethods(TestMethodWorker.java:125)
at org.testng.internal.TestMethodWorker.run(TestMethodWorker.java:109)
at java.util.concurrent.ThreadPoolExecutor.runWorker(Unknown Source)
at java.util.concurrent.ThreadPoolExecutor$Worker.run(Unknown Source)
at java.lang.Thread.run(Unknown Source)
]]>
            </full-stacktrace>
          </exception> <!-- org.openqa.selenium.NoSuchElementException -->
          <reporter-output>
          </reporter-output>
        </test-method> <!-- ebayUserPassword -->
        <test-method status="PASS" signature="teardown()[pri:0, instance:testNG.TestNG_Basics@5b275dab]" name="teardown" is-config="true" duration-ms="1247" started-at="2019-11-29T06:41:58Z" finished-at="2019-11-29T06:41:59Z">
          <reporter-output>
          </reporter-output>
        </test-method> <!-- teardown -->
        <test-method status="PASS" signature="SetUp()[pri:0, instance:testNG.TestNG_Basics@5b275dab]" name="SetUp" is-config="true" duration-ms="16338" started-at="2019-11-29T06:41:59Z" finished-at="2019-11-29T06:42:15Z">
          <reporter-output>
          </reporter-output>
        </test-method> <!-- SetUp -->
        <test-method status="PASS" signature="ebayUserPassword(java.lang.String, java.lang.String, java.lang.String, java.lang.String)[pri:2, instance:testNG.TestNG_Basics@5b275dab]" name="ebayUserPassword" duration-ms="25217" started-at="2019-11-29T06:42:15Z" data-provider="getdata" finished-at="2019-11-29T06:42:41Z">
          <params>
            <param index="0">
              <value>
                <![CDATA[brad]]>
              </value>
            </param>
            <param index="1">
              <value>
                <![CDATA[pitt]]>
              </value>
            </param>
            <param index="2">
              <value>
                <![CDATA[bradpitt@gmail.com]]>
              </value>
            </param>
            <param index="3">
              <value>
                <![CDATA[bradpitt123]]>
              </value>
            </param>
          </params>
          <reporter-output>
          </reporter-output>
        </test-method> <!-- ebayUserPassword -->
        <test-method status="PASS" signature="teardown()[pri:0, instance:testNG.TestNG_Basics@5b275dab]" name="teardown" is-config="true" duration-ms="1066" started-at="2019-11-29T06:42:41Z" finished-at="2019-11-29T06:42:42Z">
          <reporter-output>
          </reporter-output>
        </test-method> <!-- teardown -->
        <test-method status="PASS" signature="SetUp()[pri:0, instance:testNG.TestNG_Basics@5b275dab]" name="SetUp" is-config="true" duration-ms="22738" started-at="2019-11-29T06:42:42Z" finished-at="2019-11-29T06:43:04Z">
          <reporter-output>
          </reporter-output>
        </test-method> <!-- SetUp -->
        <test-method status="PASS" signature="print()[pri:3, instance:testNG.TestNG_Basics@5b275dab]" name="print" duration-ms="2" started-at="2019-11-29T06:43:04Z" finished-at="2019-11-29T06:43:04Z">
          <reporter-output>
          </reporter-output>
        </test-method> <!-- print -->
        <test-method status="PASS" signature="teardown()[pri:0, instance:testNG.TestNG_Basics@5b275dab]" name="teardown" is-config="true" duration-ms="822" started-at="2019-11-29T06:43:04Z" finished-at="2019-11-29T06:43:05Z">
          <reporter-output>
          </reporter-output>
        </test-method> <!-- teardown -->
      </class> <!-- testNG.TestNG_Basics -->
    </test> <!-- Basic -->
    <test name="Basic1" duration-ms="12" started-at="2019-11-29T06:43:08Z" finished-at="2019-11-29T06:43:08Z">
      <class name="testNG.TestNG1_basics">
        <test-method status="PASS" signature="addition()[pri:0, instance:testNG.TestNG1_basics@4dfa3a9d]" name="addition" duration-ms="3" started-at="2019-11-29T06:43:08Z" finished-at="2019-11-29T06:43:08Z">
          <reporter-output>
          </reporter-output>
        </test-method> <!-- addition -->
      </class> <!-- testNG.TestNG1_basics -->
    </test> <!-- Basic1 -->
  </suite> <!-- Suite -->
</testng-results>
